<?xml version="1.0" encoding="UTF-8"?>
<testng-results skipped="0" failed="0" ignored="0" total="2" passed="2">
  <reporter-output>
  </reporter-output>
  <suite name="Default suite" duration-ms="418" started-at="2023-08-09T06:23:10 IST" finished-at="2023-08-09T06:23:11 IST">
    <groups>
    </groups>
    <test name="Default test" duration-ms="418" started-at="2023-08-09T06:23:10 IST" finished-at="2023-08-09T06:23:11 IST">
      <class name="SDET_Programs.ContainsDuplicate">
        <test-method status="PASS" signature="test1()[pri:0, instance:SDET_Programs.ContainsDuplicate@b0ed20]" name="test1" duration-ms="75" started-at="2023-08-09T06:23:11 IST" finished-at="2023-08-09T06:23:11 IST">
          <reporter-output>
          </reporter-output>
        </test-method> <!-- test1 -->
        <test-method status="PASS" signature="test2()[pri:0, instance:SDET_Programs.ContainsDuplicate@b0ed20]" name="test2" duration-ms="6" started-at="2023-08-09T06:23:11 IST" finished-at="2023-08-09T06:23:11 IST">
          <reporter-output>
          </reporter-output>
        </test-method> <!-- test2 -->
      </class> <!-- SDET_Programs.ContainsDuplicate -->
    </test> <!-- Default test -->
  </suite> <!-- Default suite -->
</testng-results>
